<?xml version="1.0" encoding="UTF-8"?>
<!-- Generated by org.testng.reporters.JUnitReportReporter -->
<testsuite hostname="DESKTOP-H9MVATV" failures="0" tests="1" name="tests.BAY" time="1.927" errors="0" timestamp="2023-09-21T18:05:03 IST" skipped="0">
  <testcase classname="tests.BAY" name="OpenApp" time="1.927"/>
</testsuite> <!-- tests.BAY -->
